<?xml version="1.0" encoding="UTF-8"?>
<!-- Generated by org.testng.reporters.JUnitXMLReporter -->
<testsuite ignored="0" hostname="BOOK-SJUNL9UC11" failures="1" tests="7" name="Test" time="38.257" errors="0" timestamp="2026-04-10T23:16:24 IST">
  <testcase classname="add.mini.adv.test.AlertTest" name="jsAlertTest" time="7.895"/>
  <testcase classname="add.mini.adv.test.IFrameTest" name="iFrameTestcase" time="8.736">
    <failure type="org.openqa.selenium.InvalidElementStateException" message="invalid element state
  (Session info: chrome=146.0.7680.178)
Build info: version: &amp;apos;4.40.0&amp;apos;, revision: &amp;apos;b3333f1&amp;apos;
System info: os.name: &amp;apos;Windows 11&amp;apos;, os.arch: &amp;apos;amd64&amp;apos;, os.version: &amp;apos;10.0&amp;apos;, java.version: &amp;apos;11.0.29&amp;apos;
Driver info: org.openqa.selenium.chrome.ChromeDriver
Command: [35fd5d20774a3dd530f90ea160bac30e, clearElement {id=f.7F04435DD0C1F7B6B891448CB79AF9BB.d.C3D51BB3F93C4D47302186FC0A57CF27.e.200}]
Capabilities {acceptInsecureCerts: false, browserName: chrome, browserVersion: 146.0.7680.178, chrome: {chromedriverVersion: 146.0.7680.165 (4b989da09e1..., userDataDir: C:\Users\vikra\AppData\Loca...}, fedcm:accounts: true, goog:chromeOptions: {debuggerAddress: localhost:50219}, goog:processID: 34676, networkConnectionEnabled: false, pageLoadStrategy: normal, platformName: windows, proxy: Proxy(), se:cdp: ws://localhost:50219/devtoo..., se:cdpVersion: 146.0.7680.178, setWindowRect: true, strictFileInteractability: false, timeouts: {implicit: 0, pageLoad: 300000, script: 30000}, unhandledPromptBehavior: dismiss and notify, webauthn:extension:credBlob: true, webauthn:extension:largeBlob: true, webauthn:extension:minPinLength: true, webauthn:extension:prf: true, webauthn:virtualAuthenticators: true}
Element: [[ChromeDriver: chrome on windows (35fd5d20774a3dd530f90ea160bac30e)] -&amp;gt; id: tinymce]
Session ID: 35fd5d20774a3dd530f90ea160bac30e">
      <![CDATA[org.openqa.selenium.InvalidElementStateException: invalid element state
  (Session info: chrome=146.0.7680.178)
Build info: version: '4.40.0', revision: 'b3333f1'
System info: os.name: 'Windows 11', os.arch: 'amd64', os.version: '10.0', java.version: '11.0.29'
Driver info: org.openqa.selenium.chrome.ChromeDriver
Command: [35fd5d20774a3dd530f90ea160bac30e, clearElement {id=f.7F04435DD0C1F7B6B891448CB79AF9BB.d.C3D51BB3F93C4D47302186FC0A57CF27.e.200}]
Capabilities {acceptInsecureCerts: false, browserName: chrome, browserVersion: 146.0.7680.178, chrome: {chromedriverVersion: 146.0.7680.165 (4b989da09e1..., userDataDir: C:\Users\vikra\AppData\Loca...}, fedcm:accounts: true, goog:chromeOptions: {debuggerAddress: localhost:50219}, goog:processID: 34676, networkConnectionEnabled: false, pageLoadStrategy: normal, platformName: windows, proxy: Proxy(), se:cdp: ws://localhost:50219/devtoo..., se:cdpVersion: 146.0.7680.178, setWindowRect: true, strictFileInteractability: false, timeouts: {implicit: 0, pageLoad: 300000, script: 30000}, unhandledPromptBehavior: dismiss and notify, webauthn:extension:credBlob: true, webauthn:extension:largeBlob: true, webauthn:extension:minPinLength: true, webauthn:extension:prf: true, webauthn:virtualAuthenticators: true}
Element: [[ChromeDriver: chrome on windows (35fd5d20774a3dd530f90ea160bac30e)] -> id: tinymce]
Session ID: 35fd5d20774a3dd530f90ea160bac30e
at org.openqa.selenium.remote.ErrorCodec.decode(ErrorCodec.java:169)
at org.openqa.selenium.remote.codec.w3c.W3CHttpResponseCodec.decode(W3CHttpResponseCodec.java:142)
at org.openqa.selenium.remote.codec.w3c.W3CHttpResponseCodec.decode(W3CHttpResponseCodec.java:49)
at org.openqa.selenium.remote.HttpCommandExecutor.execute(HttpCommandExecutor.java:223)
at org.openqa.selenium.remote.service.DriverCommandExecutor.invokeExecute(DriverCommandExecutor.java:216)
at org.openqa.selenium.remote.service.DriverCommandExecutor.execute(DriverCommandExecutor.java:174)
at org.openqa.selenium.remote.RemoteWebDriver.execute(RemoteWebDriver.java:601)
at org.openqa.selenium.remote.RemoteWebElement.execute(RemoteWebElement.java:223)
at org.openqa.selenium.remote.RemoteWebElement.clear(RemoteWebElement.java:129)
at add.mini.adv.pages.iframe_page.clearEditor(iframe_page.java:34)
at add.mini.adv.test.IFrameTest.iFrameTestcase(IFrameTest.java:15)
at java.base/java.util.concurrent.Executors$RunnableAdapter.call(Executors.java:515)
at java.base/java.util.concurrent.FutureTask.run(FutureTask.java:264)
at java.base/java.util.concurrent.ThreadPoolExecutor.runWorker(ThreadPoolExecutor.java:1128)
at java.base/java.util.concurrent.ThreadPoolExecutor$Worker.run(ThreadPoolExecutor.java:628)
at java.base/java.lang.Thread.run(Thread.java:829)
... Removed 13 stack frames]]>
    </failure>
  </testcase> <!-- iFrameTestcase -->
  <testcase classname="add.mini.adv.test.WindowsTest" name="windowTestcase" time="12.894"/>
  <testcase classname="add.mini.adv.test.FileUploadTest" name="uploadFile" time="13.165"/>
  <testcase classname="add.mini.adv.test.DragAndDropTest" name="dragAndDrop" time="12.991"/>
  <testcase classname="add.mini.adv.test.AlertTest" name="jsConfirmAlertTest" time="4.397"/>
  <testcase classname="add.mini.adv.test.AlertTest" name="jsPromptAlertTest" time="5.274"/>
</testsuite> <!-- Test -->
