<?xml version="1.0" encoding="UTF-8"?>
<testng-results ignored="0" total="1" passed="1" failed="0" skipped="0">
  <reporter-output>
  </reporter-output>
  <suite started-at="2026-04-10T20:17:43 IST" name="Default suite" finished-at="2026-04-10T20:17:57 IST" duration-ms="14317">
    <groups>
    </groups>
    <test started-at="2026-04-10T20:17:43 IST" name="Default test" finished-at="2026-04-10T20:17:57 IST" duration-ms="14317">
      <class name="add.mini.adv.test.FileUploadTest">
        <test-method is-config="true" signature="setup()[pri:0, instance:add.mini.adv.test.FileUploadTest@6caf0677]" started-at="2026-04-10T20:17:43 IST" name="setup" finished-at="2026-04-10T20:17:45 IST" duration-ms="1957" status="PASS">
          <reporter-output>
          </reporter-output>
        </test-method> <!-- setup -->
        <test-method signature="uploadFile()[pri:0, instance:add.mini.adv.test.FileUploadTest@6caf0677]" started-at="2026-04-10T20:17:45 IST" name="uploadFile" finished-at="2026-04-10T20:17:57 IST" duration-ms="11958" status="PASS">
          <reporter-output>
          </reporter-output>
        </test-method> <!-- uploadFile -->
        <test-method is-config="true" signature="tearDown()[pri:0, instance:add.mini.adv.test.FileUploadTest@6caf0677]" started-at="2026-04-10T20:17:57 IST" name="tearDown" finished-at="2026-04-10T20:17:57 IST" duration-ms="304" status="PASS">
          <reporter-output>
          </reporter-output>
        </test-method> <!-- tearDown -->
      </class> <!-- add.mini.adv.test.FileUploadTest -->
    </test> <!-- Default test -->
  </suite> <!-- Default suite -->
</testng-results>
