<?xml version="1.0" encoding="UTF-8"?>
<!-- Generated by org.testng.reporters.JUnitReportReporter -->
<testsuite hostname="BOOK-SJUNL9UC11" failures="0" tests="3" name="add.mini.adv.test.AlertTest" time="36.777" errors="0" timestamp="2026-04-10T23:10:36 IST" skipped="0">
  <testcase classname="add.mini.adv.test.AlertTest" name="jsConfirmAlertTest" time="7.504"/>
  <testcase classname="add.mini.adv.test.AlertTest" name="jsAlertTest" time="10.367"/>
  <testcase classname="add.mini.adv.test.AlertTest" name="jsPromptAlertTest" time="18.906"/>
</testsuite> <!-- add.mini.adv.test.AlertTest -->
